<?xml version="1.0" encoding="UTF-8"?>
<!-- Generated by org.testng.reporters.JUnitReportReporter -->
<testsuite hostname="SMSCOMPUTER" name="gitTest.GitTest" tests="1" failures="0" timestamp="4 Sep 2019 07:47:30 GMT" time="195.934" errors="0">
  <testcase name="loginTest" time="195.934" classname="gitTest.GitTest"/>
</testsuite> <!-- gitTest.GitTest -->
